08:49:21.475 > Timeout!
08:49:24.865 > Got OK!
08:49:26.661 > Got OK!
08:49:28.830 > Timeout!
08:49:31.378 > Got OK!
08:49:32.498 > Got OK!
08:49:33.617 > Got OK!
08:49:35.400 > ATE1;
08:49:35.400 > OK
08:49:35.400 > 
08:49:35.400 > AT+COPS?
08:49:35.400 > +COPS: 0,2,"42901",7
08:49:35.400 > 
08:49:35.400 > OK
08:49:35.400 > 
08:49:35.400 > AT+CGDCONT?
08:49:35.406 > +CGDCONT: 1,"IP","connected.protected","",0,0,,,,
08:49:35.406 > 
08:49:35.406 > OK
08:49:35.406 > 
08:49:35.406 > AT+SIMCOMATI
08:49:35.411 > Manufacturer: INCORPORATED
08:49:35.411 > Model: A7670E-FASE
08:49:35.411 > Revision: A011B04A7670M7_F
08:49:35.417 > A7670M7_B04V02_220927
08:49:35.417 > QCN:
08:49:35.417 > IMEI: 867255074489552
08:49:35.422 > MEID:
08:49:35.422 > +GCAP: +CGSM,+FCLASS,+DS
08:49:35.422 > DeviceInfo:
08:49:35.422 > 
08:49:35.422 > OK
08:49:35.425 > 
08:49:35.425 > 
08:49:35.425 > PB DONE
08:49:35.425 > 
08:49:35.425 > Battery Level: 4.21%
08:49:36.418 > Battery Level: 4.21%
08:49:37.419 > Battery Level: 4.21%
08:49:38.420 > Battery Level: 4.21%
08:49:39.421 > Battery Level: 4.21%
08:49:40.422 > Battery Level: 4.21%
08:49:41.423 > Battery Level: 4.21%
08:49:42.424 > Battery Level: 4.21%
08:49:43.425 > Battery Level: 4.21%
08:49:44.425 > Battery Level: 4.21%
08:49:45.427 > Battery Level: 4.21%
08:49:46.428 > Battery Level: 4.21%
08:49:47.429 > Battery Level: 4.21%
08:49:48.430 > Battery Level: 4.21%
08:49:49.431 > Battery Level: 4.21%
08:49:50.432 > Battery Level: 4.21%
08:49:51.433 > Battery Level: 4.21%
08:49:52.433 > Battery Level: 4.21%
08:49:53.435 > Battery Level: 4.21%
08:49:54.435 > Battery Level: 4.21%
08:49:55.436 > Battery Level: 4.21%
08:49:56.437 > Battery Level: 4.21%
08:49:57.438 > Battery Level: 4.21%
08:49:58.439 > Battery Level: 4.21%
08:49:59.440 > Battery Level: 4.21%
08:50:00.441 > Battery Level: 4.21%
08:50:01.442 > Battery Level: 4.21%
08:50:02.443 > Battery Level: 4.21%
08:50:03.444 > Battery Level: 4.21%
08:50:04.445 > Battery Level: 4.21%
08:50:05.446 > Battery Level: 4.21%
08:50:06.447 > Battery Level: 4.21%
08:50:07.448 > Battery Level: 4.21%
08:50:08.449 > Battery Level: 4.21%
08:50:09.450 > Battery Level: 4.21%
08:50:10.451 > Battery Level: 4.21%
08:50:11.452 > Battery Level: 4.21%
08:50:12.453 > Battery Level: 4.21%
08:50:13.454 > Battery Level: 4.21%
08:50:14.455 > Battery Level: 4.21%
08:50:15.456 > Battery Level: 4.21%
08:50:16.457 > Battery Level: 4.21%
08:50:17.458 > Battery Level: 4.21%
08:50:18.459 > Battery Level: 4.21%
08:50:19.460 > Battery Level: 4.21%
08:50:20.461 > Battery Level: 4.21%
08:50:21.462 > Battery Level: 4.21%
08:50:22.463 > Battery Level: 4.21%
08:50:23.464 > Battery Level: 4.21%
08:50:24.465 > Battery Level: 4.21%
08:50:25.466 > Battery Level: 4.21%
08:50:26.466 > Battery Level: 4.21%
08:50:27.468 > Battery Level: 4.21%
08:50:28.468 > Battery Level: 4.21%
08:50:29.470 > Battery Level: 4.21%
08:50:30.471 > Battery Level: 4.21%
08:50:31.472 > Battery Level: 4.21%
08:50:32.472 > Battery Level: 4.21%
08:50:33.473 > Battery Level: 4.21%
08:50:34.474 > Battery Level: 4.21%
08:50:35.475 > Battery Level: 4.21%
08:50:36.476 > Battery Level: 4.21%
08:50:37.477 > Battery Level: 4.21%
08:50:38.478 > Battery Level: 4.21%
08:50:39.479 > Battery Level: 4.21%
08:50:40.480 > Battery Level: 4.21%
08:50:41.481 > Battery Level: 4.21%
08:50:42.482 > Battery Level: 4.21%
08:50:43.483 > Battery Level: 4.21%
08:50:44.484 > Battery Level: 4.21%
08:50:45.485 > Battery Level: 4.21%
08:50:46.486 > Battery Level: 4.21%
08:50:47.487 > Battery Level: 4.21%
08:50:48.488 > Battery Level: 4.21%
08:50:49.489 > Battery Level: 4.21%
08:50:50.490 > Battery Level: 4.21%
08:50:51.491 > Battery Level: 4.21%
08:50:52.492 > Battery Level: 4.21%
08:50:53.493 > Battery Level: 4.21%
08:50:54.494 > Battery Level: 4.21%
08:50:55.495 > Battery Level: 4.21%
08:50:56.495 > Battery Level: 4.21%
08:50:57.497 > Battery Level: 4.21%
08:50:58.497 > Battery Level: 4.21%
08:50:59.499 > Battery Level: 4.21%
08:51:00.500 > Battery Level: 4.21%
08:51:01.500 > Battery Level: 4.21%
08:51:02.501 > Battery Level: 4.21%
08:51:03.502 > Battery Level: 4.21%
08:51:04.503 > Battery Level: 4.21%
08:51:05.505 > Battery Level: 4.21%
08:51:06.505 > Battery Level: 4.21%
08:51:07.506 > Battery Level: 4.21%
08:51:08.507 > Battery Level: 4.21%
08:51:09.508 > Battery Level: 4.21%
08:51:10.509 > Battery Level: 4.21%
08:51:11.510 > Battery Level: 4.21%
08:51:12.511 > Battery Level: 4.21%
08:51:13.512 > Battery Level: 4.21%
08:51:14.513 > Battery Level: 4.21%
08:51:15.514 > Battery Level: 4.21%
08:51:16.515 > Battery Level: 4.21%
08:51:17.516 > Battery Level: 4.21%
08:51:18.517 > Battery Level: 4.21%
08:51:19.518 > Battery Level: 4.21%
08:51:20.519 > Battery Level: 4.21%
08:51:21.520 > Battery Level: 4.21%
08:51:22.521 > Battery Level: 4.21%
08:51:23.522 > Battery Level: 4.21%
08:51:24.523 > Battery Level: 4.21%
08:51:25.524 > Battery Level: 4.21%
08:51:26.525 > Battery Level: 4.21%
08:51:27.526 > Battery Level: 4.21%
08:51:28.526 > Battery Level: 4.21%
08:51:29.528 > Battery Level: 4.21%
08:51:30.529 > Battery Level: 4.21%
08:51:31.529 > Battery Level: 4.21%
08:51:32.530 > Battery Level: 4.21%
08:51:33.531 > Battery Level: 4.21%
08:51:34.532 > Battery Level: 4.21%
08:51:35.533 > Battery Level: 4.21%
08:51:36.534 > Battery Level: 4.21%
08:51:37.535 > Battery Level: 4.21%
08:51:38.536 > Battery Level: 4.21%
08:51:39.537 > Battery Level: 4.21%
08:51:40.538 > Battery Level: 4.21%
08:51:41.539 > Battery Level: 4.21%
08:51:42.540 > Battery Level: 4.21%
08:51:43.541 > Battery Level: 4.21%
08:51:44.542 > Battery Level: 4.21%
08:51:45.543 > Battery Level: 4.21%
08:51:46.544 > Battery Level: 4.21%
08:51:47.545 > Battery Level: 4.21%
08:51:48.546 > Battery Level: 4.21%
08:51:49.547 > Battery Level: 4.21%
08:51:50.548 > Battery Level: 4.21%
08:51:51.549 > Battery Level: 4.21%
08:51:52.550 > Battery Level: 4.21%
08:51:53.550 > Battery Level: 4.21%
08:51:54.552 > Battery Level: 4.21%
08:51:55.553 > Battery Level: 4.21%
08:51:56.553 > Battery Level: 4.21%
08:51:57.555 > Battery Level: 4.21%
08:51:58.555 > Battery Level: 4.21%
08:51:59.556 > Battery Level: 4.21%
08:52:00.557 > Battery Level: 4.21%
08:52:01.558 > Battery Level: 4.21%
08:52:02.559 > Battery Level: 4.21%
08:52:03.560 > Battery Level: 4.21%
08:52:04.561 > Battery Level: 4.21%
08:52:05.562 > Battery Level: 4.21%
08:52:06.563 > Battery Level: 4.21%
08:52:07.564 > Battery Level: 4.21%
08:52:08.565 > Battery Level: 4.21%
08:52:09.566 > Battery Level: 4.21%
08:52:10.567 > Battery Level: 4.21%
08:52:11.568 > Battery Level: 4.21%
08:52:12.569 > Battery Level: 4.21%
08:52:13.570 > Battery Level: 4.21%
08:52:14.571 > Battery Level: 4.21%
08:52:15.572 > Battery Level: 4.21%
08:52:16.573 > Battery Level: 4.21%
08:52:17.574 > Battery Level: 4.21%
08:52:18.575 > Battery Level: 4.21%
08:52:19.576 > Battery Level: 4.21%
08:52:20.577 > Battery Level: 4.21%
08:52:21.578 > Battery Level: 4.21%
08:52:22.579 > Battery Level: 4.21%
08:52:23.579 > Battery Level: 4.21%
08:52:24.580 > Battery Level: 4.21%
08:52:25.581 > Battery Level: 4.21%
08:52:26.582 > Battery Level: 4.21%
08:52:27.583 > Battery Level: 4.21%
08:52:28.584 > Battery Level: 4.21%
08:52:29.585 > Battery Level: 4.21%
08:52:30.586 > Battery Level: 4.21%
08:52:31.587 > Battery Level: 4.21%
08:52:32.588 > Battery Level: 4.21%
08:52:33.589 > Battery Level: 4.21%
08:52:34.590 > Battery Level: 4.21%
08:52:35.591 > Battery Level: 4.21%
08:52:36.592 > Battery Level: 4.21%
08:52:37.593 > Battery Level: 4.21%
08:52:38.594 > Battery Level: 4.21%
08:52:39.595 > Battery Level: 4.21%
08:52:40.596 > Battery Level: 4.21%
08:52:41.597 > Battery Level: 4.21%
08:52:42.598 > Battery Level: 4.21%
08:52:43.599 > Battery Level: 4.21%
08:52:44.600 > Battery Level: 4.21%
08:52:45.601 > Battery Level: 4.21%
08:52:46.602 > Battery Level: 4.21%
08:52:47.602 > Battery Level: 4.21%
08:52:48.604 > Battery Level: 4.21%
08:52:49.605 > Battery Level: 4.21%
08:52:50.605 > Battery Level: 4.21%
08:52:51.606 > Battery Level: 4.21%
08:52:52.607 > Battery Level: 4.21%
08:52:53.609 > Battery Level: 4.21%
08:52:54.610 > Battery Level: 4.21%
08:52:55.610 > Battery Level: 4.21%
08:52:56.611 > Battery Level: 4.21%
08:52:57.612 > Battery Level: 4.21%
08:52:58.613 > Battery Level: 4.21%
08:52:59.614 > Battery Level: 4.21%
08:53:00.615 > Battery Level: 4.21%
08:53:01.616 > Battery Level: 4.21%
08:53:02.617 > Battery Level: 4.21%
08:53:03.618 > Battery Level: 4.21%
08:53:04.619 > Battery Level: 4.21%
08:53:05.620 > Battery Level: 4.21%
08:53:06.621 > Battery Level: 4.21%
08:53:07.622 > Battery Level: 4.21%
08:53:08.623 > Battery Level: 4.21%
08:53:09.624 > Battery Level: 4.21%
08:53:10.625 > Battery Level: 4.21%
08:53:11.625 > Battery Level: 4.21%
08:53:12.627 > Battery Level: 4.21%
08:53:13.628 > Battery Level: 4.21%
08:53:14.629 > Battery Level: 4.21%
08:53:15.630 > Battery Level: 4.21%
08:53:16.630 > Battery Level: 4.21%
08:53:17.631 > Battery Level: 4.21%
08:53:18.632 > Battery Level: 4.21%
08:53:19.633 > Battery Level: 4.21%
08:53:20.634 > Battery Level: 4.21%
08:53:21.635 > Battery Level: 4.21%
08:53:22.636 > Battery Level: 4.21%
08:53:23.637 > Battery Level: 4.21%
08:53:24.638 > Battery Level: 4.21%
08:53:25.639 > Battery Level: 4.22%
08:53:26.640 > Battery Level: 4.22%
08:53:27.641 > Battery Level: 4.22%
08:53:28.642 > Battery Level: 4.22%
08:53:29.643 > Battery Level: 4.22%
08:53:30.644 > Battery Level: 4.22%
08:53:31.645 > Battery Level: 4.22%
08:53:32.646 > Battery Level: 4.22%
08:53:33.647 > Battery Level: 4.22%
08:53:34.648 > Battery Level: 4.22%
08:53:35.649 > Battery Level: 4.22%
08:53:36.650 > Battery Level: 4.22%
08:53:37.651 > Battery Level: 4.22%
08:53:38.652 > Battery Level: 4.22%
08:53:39.652 > Battery Level: 4.22%
08:53:40.654 > Battery Level: 4.22%
08:53:41.655 > Battery Level: 4.22%
08:53:42.656 > Battery Level: 4.22%
08:53:43.656 > Battery Level: 4.22%
08:53:44.658 > Battery Level: 4.22%
08:53:45.658 > Battery Level: 4.22%
08:53:46.659 > Battery Level: 4.22%
08:53:47.660 > Battery Level: 4.22%
08:53:48.661 > Battery Level: 4.22%
08:53:49.662 > Battery Level: 4.22%
08:53:50.663 > Battery Level: 4.22%
08:53:51.664 > Battery Level: 4.22%
08:53:52.665 > Battery Level: 4.22%
08:53:53.666 > Battery Level: 4.22%
08:53:54.667 > Battery Level: 4.22%
08:53:55.668 > Battery Level: 4.22%
08:53:56.669 > Battery Level: 4.22%
08:53:57.670 > Battery Level: 4.22%
08:53:58.671 > Battery Level: 4.22%
08:53:59.672 > Battery Level: 4.22%
08:54:00.673 > Battery Level: 4.22%
08:54:01.674 > Battery Level: 4.22%
08:54:02.675 > Battery Level: 4.22%
08:54:03.676 > Battery Level: 4.22%
08:54:04.677 > Battery Level: 4.22%
08:54:05.678 > Battery Level: 4.22%
08:54:06.679 > Battery Level: 4.22%
08:54:07.680 > Battery Level: 4.22%
08:54:08.681 > Battery Level: 4.22%
08:54:09.681 > Battery Level: 4.22%
08:54:10.683 > Battery Level: 4.21%
08:54:11.684 > Battery Level: 4.21%
08:54:12.684 > Battery Level: 4.21%
08:54:13.686 > Battery Level: 4.21%
08:54:14.686 > Battery Level: 4.21%
08:54:15.687 > Battery Level: 4.21%
08:54:16.688 > Battery Level: 4.21%
08:54:17.689 > Battery Level: 4.21%
08:54:18.690 > Battery Level: 4.21%
08:54:19.691 > Battery Level: 4.21%
08:54:20.692 > Battery Level: 4.21%
08:54:21.693 > Battery Level: 4.21%
08:54:22.694 > Battery Level: 4.21%
08:54:23.695 > Battery Level: 4.21%
08:54:24.696 > Battery Level: 4.21%
08:54:25.697 > Battery Level: 4.21%
08:54:26.698 > Battery Level: 4.21%
08:54:27.699 > Battery Level: 4.21%
08:54:28.700 > Battery Level: 4.21%
08:54:29.701 > Battery Level: 4.21%
08:54:30.702 > Battery Level: 4.21%
08:54:31.703 > Battery Level: 4.21%
08:54:32.704 > Battery Level: 4.21%
08:54:33.705 > Battery Level: 4.21%
08:54:34.706 > Battery Level: 4.21%
08:54:35.707 > Battery Level: 4.21%
08:54:36.708 > Battery Level: 4.21%
08:54:37.709 > Battery Level: 4.21%
08:54:38.709 > Battery Level: 4.21%
08:54:39.710 > Battery Level: 4.21%
08:54:40.711 > Battery Level: 4.21%
08:54:41.712 > Battery Level: 4.21%
08:54:42.713 > Battery Level: 4.21%
08:54:43.714 > Battery Level: 4.21%
08:54:44.715 > Battery Level: 4.21%
08:54:45.716 > Battery Level: 4.21%
08:54:46.717 > Battery Level: 4.21%
08:54:47.718 > Battery Level: 4.21%
08:54:48.719 > Battery Level: 4.21%
08:54:49.720 > Battery Level: 4.21%
08:54:50.721 > Battery Level: 4.21%
08:54:51.722 > Battery Level: 4.21%
08:54:52.723 > Battery Level: 4.21%
08:54:53.724 > Battery Level: 4.21%
08:54:54.725 > Battery Level: 4.21%
08:54:55.726 > Battery Level: 4.21%
08:54:56.727 > Battery Level: 4.21%
08:54:57.728 > Battery Level: 4.21%
08:54:58.729 > Battery Level: 4.21%
08:54:59.730 > Battery Level: 4.21%
08:55:00.731 > Battery Level: 4.21%
08:55:01.732 > Battery Level: 4.21%
08:55:02.733 > Battery Level: 4.21%
08:55:03.734 > Battery Level: 4.21%
08:55:04.734 > Battery Level: 4.21%
08:55:05.735 > Battery Level: 4.21%
08:55:06.736 > Battery Level: 4.21%
08:55:07.738 > Battery Level: 4.21%
08:55:08.738 > Battery Level: 4.21%
08:55:09.739 > Battery Level: 4.21%
08:55:10.740 > Battery Level: 4.21%
08:55:11.741 > Battery Level: 4.21%
08:55:12.742 > Battery Level: 4.21%
08:55:13.743 > Battery Level: 4.21%
08:55:14.744 > Battery Level: 4.21%
08:55:15.745 > Battery Level: 4.21%
08:55:16.746 > Battery Level: 4.21%
08:55:17.747 > Battery Level: 4.21%
08:55:18.748 > Battery Level: 4.21%
08:55:19.749 > Battery Level: 4.21%
08:55:20.750 > Battery Level: 4.21%
08:55:21.751 > Battery Level: 4.21%
08:55:22.752 > Battery Level: 4.21%
08:55:23.753 > Battery Level: 4.21%
08:55:24.754 > Battery Level: 4.21%
08:55:25.755 > Battery Level: 4.21%
08:55:26.756 > Battery Level: 4.21%
08:55:27.757 > Battery Level: 4.21%
08:55:28.758 > Battery Level: 4.21%
08:55:29.759 > Battery Level: 4.21%
08:55:30.760 > Battery Level: 4.21%
08:55:31.761 > Battery Level: 4.21%
08:55:32.762 > Battery Level: 4.21%
08:55:33.763 > Battery Level: 4.21%
08:55:34.763 > Battery Level: 4.21%
08:55:35.764 > Battery Level: 4.21%
08:55:36.765 > Battery Level: 4.21%
08:55:37.766 > Battery Level: 4.21%
08:55:38.767 > Battery Level: 4.21%
08:55:39.768 > Battery Level: 4.21%
08:55:40.769 > Battery Level: 4.21%
08:55:41.770 > Battery Level: 4.21%
08:55:42.771 > Battery Level: 4.21%
08:55:43.772 > Battery Level: 4.21%
08:55:44.773 > Battery Level: 4.21%
08:55:45.774 > Battery Level: 4.21%
08:55:46.775 > Battery Level: 4.21%
08:55:47.776 > Battery Level: 4.21%
08:55:48.777 > Battery Level: 4.21%
08:55:49.779 > Battery Level: 4.21%
08:55:50.779 > Battery Level: 4.21%
08:55:51.780 > Battery Level: 4.21%
08:55:52.781 > Battery Level: 4.21%
08:55:53.782 > Battery Level: 4.21%
08:55:54.783 > Battery Level: 4.21%
08:55:55.784 > Battery Level: 4.21%
08:55:56.784 > Battery Level: 4.21%
08:55:57.785 > Battery Level: 4.21%
08:55:58.787 > Battery Level: 4.21%
08:55:59.788 > Battery Level: 4.21%
08:56:00.788 > Battery Level: 4.21%
08:56:01.790 > Battery Level: 4.21%
08:56:02.790 > Battery Level: 4.21%
08:56:03.791 > Battery Level: 4.21%
08:56:04.792 > Battery Level: 4.21%
08:56:05.793 > Battery Level: 4.21%
08:56:06.794 > Battery Level: 4.21%
08:56:07.795 > Battery Level: 4.21%
08:56:08.796 > Battery Level: 4.21%
08:56:09.797 > Battery Level: 4.21%
08:56:10.798 > Battery Level: 4.21%
08:56:11.799 > Battery Level: 4.21%
08:56:12.800 > Battery Level: 4.21%
08:56:13.801 > Battery Level: 4.21%
08:56:14.802 > Battery Level: 4.21%
08:56:15.803 > Battery Level: 4.21%
08:56:16.804 > Battery Level: 4.21%
08:56:17.805 > Battery Level: 4.21%
08:56:18.806 > Battery Level: 4.21%
08:56:19.807 > Battery Level: 4.21%
08:56:20.808 > Battery Level: 4.21%
08:56:21.809 > Battery Level: 4.21%
08:56:22.810 > Battery Level: 4.21%
08:56:23.810 > Battery Level: 4.21%
08:56:24.812 > Battery Level: 4.21%
08:56:25.813 > Battery Level: 4.21%
08:56:26.814 > Battery Level: 4.21%
08:56:27.815 > Battery Level: 4.21%
08:56:28.815 > Battery Level: 4.21%
08:56:29.817 > Battery Level: 4.21%
08:56:30.817 > Battery Level: 4.21%
08:56:31.818 > Battery Level: 4.21%
08:56:32.819 > Battery Level: 4.21%
08:56:33.820 > Battery Level: 4.21%
08:56:34.821 > Battery Level: 4.21%
08:56:35.822 > Battery Level: 4.21%
08:56:36.823 > Battery Level: 4.21%
08:56:37.824 > Battery Level: 4.21%
08:56:38.825 > Battery Level: 4.21%
08:56:39.826 > Battery Level: 4.21%
08:56:40.827 > Battery Level: 4.21%
08:56:41.828 > Battery Level: 4.21%
08:56:42.829 > Battery Level: 4.21%
08:56:43.830 > Battery Level: 4.21%
08:56:44.831 > Battery Level: 4.21%
08:56:45.832 > Battery Level: 4.21%
08:56:46.833 > Battery Level: 4.21%
08:56:47.834 > Battery Level: 4.21%
08:56:48.835 > Battery Level: 4.21%
08:56:49.836 > Battery Level: 4.21%
08:56:50.837 > Battery Level: 4.21%
08:56:51.838 > Battery Level: 4.21%
08:56:52.839 > Battery Level: 4.21%
08:56:53.840 > Battery Level: 4.21%
08:56:54.840 > Battery Level: 4.21%
08:56:55.841 > Battery Level: 4.21%
08:56:56.842 > Battery Level: 4.21%
08:56:57.843 > Battery Level: 4.21%
08:56:58.844 > Battery Level: 4.21%
08:56:59.845 > Battery Level: 4.21%
08:57:00.846 > Battery Level: 4.21%
08:57:01.847 > Battery Level: 4.21%
08:57:02.848 > Battery Level: 4.21%
08:57:03.849 > Battery Level: 4.21%
08:57:04.850 > Battery Level: 4.21%
08:57:05.851 > Battery Level: 4.21%
08:57:06.852 > Battery Level: 4.21%
08:57:07.853 > Battery Level: 4.21%
08:57:08.854 > Battery Level: 4.21%
08:57:09.855 > Battery Level: 4.21%
08:57:10.856 > Battery Level: 4.21%
08:57:11.857 > Battery Level: 4.21%
08:57:12.858 > Battery Level: 4.21%
08:57:13.859 > Battery Level: 4.21%
08:57:14.860 > Battery Level: 4.21%
08:57:15.861 > Battery Level: 4.21%
08:57:16.862 > Battery Level: 4.21%
08:57:17.863 > Battery Level: 4.21%
08:57:18.864 > Battery Level: 4.21%
08:57:19.865 > Battery Level: 4.21%
08:57:20.866 > Battery Level: 4.21%
08:57:21.867 > Battery Level: 4.21%
08:57:22.867 > Battery Level: 4.21%
08:57:23.868 > Battery Level: 4.21%
08:57:24.869 > Battery Level: 4.21%
08:57:25.870 > Battery Level: 4.21%
08:57:26.871 > Battery Level: 4.21%
08:57:27.872 > Battery Level: 4.21%
08:57:28.873 > Battery Level: 4.21%
08:57:29.874 > Battery Level: 4.21%
08:57:30.875 > Battery Level: 4.21%
08:57:31.876 > Battery Level: 4.21%
08:57:32.877 > Battery Level: 4.21%
08:57:33.878 > Battery Level: 4.21%
08:57:34.879 > Battery Level: 4.21%
08:57:35.880 > Battery Level: 4.21%
08:57:36.881 > Battery Level: 4.21%
08:57:37.882 > Battery Level: 4.21%
08:57:38.883 > Battery Level: 4.21%
08:57:39.884 > Battery Level: 4.21%
08:57:40.885 > Battery Level: 4.21%
08:57:41.886 > Battery Level: 4.21%
08:57:42.887 > Battery Level: 4.21%
08:57:43.888 > Battery Level: 4.21%
08:57:44.889 > Battery Level: 4.21%
08:57:45.890 > Battery Level: 4.21%
08:57:46.891 > Battery Level: 4.21%
08:57:47.891 > Battery Level: 4.21%
08:57:48.893 > Battery Level: 4.21%
08:57:49.893 > Battery Level: 4.21%
08:57:50.895 > Battery Level: 4.21%
08:57:51.896 > Battery Level: 4.21%
08:57:52.896 > Battery Level: 4.21%
08:57:53.897 > Battery Level: 4.21%
08:57:54.898 > Battery Level: 4.21%
08:57:55.899 > Battery Level: 4.21%
08:57:56.900 > Battery Level: 4.21%
08:57:57.901 > Battery Level: 4.21%
08:57:58.902 > Battery Level: 4.21%
08:57:59.903 > Battery Level: 4.21%
08:58:00.904 > Battery Level: 4.21%
08:58:01.905 > Battery Level: 4.21%
08:58:02.906 > Battery Level: 4.21%
08:58:03.907 > Battery Level: 4.21%
08:58:04.908 > Battery Level: 4.21%
08:58:05.909 > Battery Level: 4.21%
08:58:06.910 > Battery Level: 4.21%
08:58:07.911 > Battery Level: 4.21%
08:58:08.912 > Battery Level: 4.21%
08:58:09.913 > Battery Level: 4.21%
08:58:10.914 > Battery Level: 4.21%
08:58:11.915 > Battery Level: 4.21%
08:58:12.916 > Battery Level: 4.21%
08:58:13.917 > Battery Level: 4.21%
08:58:14.917 > Battery Level: 4.21%
08:58:15.919 > Battery Level: 4.21%
